\BOOKMARK [1][-]{section.1}{\376\377\122\115\212\000\377\032\116\072\116\300\116\110\133\146\116\140\227\000\211\201\040\034\217\333\123\026\040\035\377\037}{}% 1
\BOOKMARK [2][-]{subsection.1.1}{\376\377\040\034\217\333\123\026\040\035\377\014\116\015\123\352\146\057\116\000\116\052\153\324\125\273}{section.1}% 2
\BOOKMARK [2][-]{subsection.1.2}{\376\377\142\021\116\354\153\143\131\004\127\050\116\000\116\052\162\171\153\212\166\204\123\206\123\362\145\366\122\073}{section.1}% 3
\BOOKMARK [2][-]{subsection.1.3}{\376\377\217\331\147\054\121\214\133\120\166\204\145\305\210\114}{section.1}% 4
\BOOKMARK [1][-]{section.2}{\376\377\173\054\116\000\172\340\377\032\133\146\116\140\166\204\165\037\162\151\133\146\217\333\123\026}{}% 5
\BOOKMARK [2][-]{subsection.2.1}{\376\377\165\037\124\175\116\016\133\146\116\140\377\032\116\000\147\232\170\154\136\001\166\204\116\044\227\142}{section.2}% 6
\BOOKMARK [2][-]{subsection.2.2}{\376\377\147\000\145\351\166\204\133\146\116\140\377\032\116\316\123\125\176\306\200\336\122\060\171\136\176\317\174\373\176\337}{section.2}% 7
\BOOKMARK [3][-]{subsubsection.2.2.1}{\376\377\116\140\140\357\123\026\377\032\147\000\123\344\200\001\166\204\133\146\116\140\137\142\137\017}{subsection.2.2}% 8
\BOOKMARK [3][-]{subsubsection.2.2.2}{\376\377\171\136\176\317\174\373\176\337\166\204\121\372\163\260\377\032\133\146\116\140\166\204\170\154\116\366\123\107\176\247}{subsection.2.2}% 9
\BOOKMARK [3][-]{subsubsection.2.2.3}{\376\377\217\333\123\026\166\204\121\233\131\007\172\336\215\133\377\032\133\146\116\140\200\375\122\233\166\204\123\107\176\247\215\357\137\204}{subsection.2.2}% 10
\BOOKMARK [3][-]{subsubsection.2.2.4}{\376\377\116\272\174\173\166\204\215\350\215\212\377\032\116\072\116\300\116\110\142\021\116\354\116\016\117\027\116\015\124\014}{subsection.2.2}% 11
\BOOKMARK [3][-]{subsubsection.2.2.5}{\376\377\133\146\116\140\200\375\122\233\166\204\116\343\116\367}{subsection.2.2}% 12
\BOOKMARK [2][-]{subsection.2.3}{\376\377\134\017\176\323\377\032\213\373\141\302\217\333\123\026\377\014\142\115\200\375\213\373\141\302\133\146\116\140}{section.2}% 13
\BOOKMARK [1][-]{section.3}{\376\377\173\054\116\214\172\340\377\032\171\136\176\317\121\103\166\204\217\336\143\245\377\032\133\146\116\140\166\204\162\151\164\006\127\372\170\100}{}% 14
\BOOKMARK [2][-]{subsection.3.1}{\376\377\116\000\116\052\145\071\123\330\171\321\133\146\123\362\166\204\225\356\230\230}{section.3}% 15
\BOOKMARK [2][-]{subsection.3.2}{\376\377\171\136\176\317\121\103\377\032\133\146\116\140\166\204\127\372\147\054\123\125\117\115}{section.3}% 16
\BOOKMARK [2][-]{subsection.3.3}{\376\377\172\201\211\346\377\032\133\146\116\140\123\321\165\037\166\204\167\037\146\057\127\060\160\271}{section.3}% 17
\BOOKMARK [2][-]{subsection.3.4}{\376\377\215\153\136\003\133\232\137\213\377\010\000H\000e\000b\000b\000i\000a\000n\000\040\000L\000e\000a\000r\000n\000i\000n\000g\377\011\377\032\217\336\143\245\131\202\117\125\210\253\176\317\232\214\145\071\123\330}{section.3}% 18
\BOOKMARK [3][-]{subsubsection.3.4.1}{\376\377\225\177\145\366\172\013\130\236\137\072\377\010\000L\000o\000n\000g\000-\000T\000e\000r\000m\000\040\000P\000o\000t\000e\000n\000t\000i\000a\000t\000i\000o\000n\000,\000\040\000L\000T\000P\377\011\377\032\172\201\211\346\137\072\123\026\166\204\122\006\133\120\147\072\122\066}{subsection.3.4}% 19
\BOOKMARK [3][-]{subsubsection.3.4.2}{\376\377\225\177\145\366\172\013\142\221\122\066\377\010\000L\000o\000n\000g\000-\000T\000e\000r\000m\000\040\000D\000e\000p\000r\000e\000s\000s\000i\000o\000n\000,\000\040\000L\000T\000D\377\011\377\032\220\127\137\330\166\204\137\305\211\201\060\002}{subsection.3.4}% 20
\BOOKMARK [2][-]{subsection.3.5}{\376\377\131\047\201\021\123\357\130\121\140\047\377\032\176\310\216\253\145\071\123\330\166\204\200\375\122\233}{section.3}% 21
\BOOKMARK [3][-]{subsubsection.3.5.1}{\376\377\171\136\176\317\123\357\130\121\140\047\166\204\123\321\163\260}{subsection.3.5}% 22
\BOOKMARK [3][-]{subsubsection.3.5.2}{\376\377\131\047\201\021\123\357\130\121\140\047\166\204\217\271\165\114}{subsection.3.5}% 23
\BOOKMARK [2][-]{subsection.3.6}{\376\377\232\323\227\230\123\026\377\032\221\315\131\015\131\202\117\125\143\320\123\107\220\037\136\246}{section.3}% 24
\BOOKMARK [2][-]{subsection.3.7}{\376\377\117\356\122\152\377\032\134\021\377\014\145\342\146\057\131\032}{section.3}% 25
\BOOKMARK [2][-]{subsection.3.8}{\376\377\167\141\167\040\377\032\171\136\176\317\217\336\143\245\166\204\135\351\126\372\135\345\123\202}{section.3}% 26
\BOOKMARK [3][-]{subsubsection.3.8.1}{\376\377\213\260\137\306\166\204\171\273\176\277\135\351\126\372}{subsection.3.8}% 27
\BOOKMARK [3][-]{subsubsection.3.8.2}{\376\377\172\201\211\346\172\063\140\001\120\107\213\364}{subsection.3.8}% 28
\BOOKMARK [2][-]{subsection.3.9}{\376\377\134\017\176\323\377\032\133\146\116\140\146\057\131\047\201\021\166\204\162\151\164\006\221\315\130\121}{section.3}% 29
\BOOKMARK [1][-]{section.4}{\376\377\173\054\116\011\172\340\377\032\213\260\137\306\166\204\217\333\123\026}{}% 30
\BOOKMARK [2][-]{subsection.4.1}{\376\377\213\260\137\306\116\015\146\057\137\125\120\317\147\072}{section.4}% 31
\BOOKMARK [2][-]{subsection.4.2}{\376\377\213\260\137\306\166\204\122\006\174\173\377\032\116\015\153\142\116\000\171\315\213\260\137\306}{section.4}% 32
\BOOKMARK [3][-]{subsubsection.4.2.1}{\376\377\131\026\146\076\213\260\137\306\116\016\121\205\226\220\213\260\137\306}{subsection.4.2}% 33
\BOOKMARK [3][-]{subsubsection.4.2.2}{\376\377\135\345\117\134\213\260\137\306\377\010\000W\000o\000r\000k\000i\000n\000g\000\040\000M\000e\000m\000o\000r\000y\377\011\377\032\141\017\213\306\166\204\135\345\117\134\123\360}{subsection.4.2}% 34
\BOOKMARK [2][-]{subsection.4.3}{\376\377\213\260\137\306\166\204\177\026\170\001\377\032\117\341\140\157\131\202\117\125\217\333\121\145\131\047\201\021}{section.4}% 35
\BOOKMARK [3][-]{subsubsection.4.3.1}{\376\377\154\350\141\017\122\233\377\032\177\026\170\001\166\204\225\350\151\333}{subsection.4.3}% 36
\BOOKMARK [3][-]{subsubsection.4.3.2}{\376\377\122\240\135\345\155\361\136\246\377\032\155\361\136\246\121\263\133\232\143\001\116\105\136\246}{subsection.4.3}% 37
\BOOKMARK [3][-]{subsubsection.4.3.3}{\376\377\140\305\176\352\150\007\213\260\377\032\147\117\116\301\150\070\166\204\123\302\116\016}{subsection.4.3}% 38
\BOOKMARK [3][-]{subsubsection.4.3.4}{\376\377\225\364\226\224\177\026\170\001\377\032\116\015\211\201\116\000\153\041\124\003\133\214}{subsection.4.3}% 39
\BOOKMARK [2][-]{subsection.4.4}{\376\377\220\127\137\330\146\362\176\277\377\032\116\000\116\052\210\253\213\357\211\343\166\204\123\321\163\260}{section.4}% 40
\BOOKMARK [3][-]{subsubsection.4.4.1}{\376\377\220\127\137\330\146\362\176\277\166\204\167\037\133\236\124\053\116\111}{subsection.4.4}% 41
\BOOKMARK [3][-]{subsubsection.4.4.2}{\376\377\220\127\137\330\166\204\122\237\200\375}{subsection.4.4}% 42
\BOOKMARK [2][-]{subsection.4.5}{\376\377\213\260\137\306\166\204\135\351\126\372\377\032\116\316\167\355\146\202\122\060\154\070\116\105}{section.4}% 43
\BOOKMARK [3][-]{subsubsection.4.5.1}{\376\377\174\373\176\337\135\351\126\372\377\032\155\167\232\154\117\123\116\016\166\256\134\102\166\204\133\371\213\335}{subsection.4.5}% 44
\BOOKMARK [3][-]{subsubsection.4.5.2}{\376\377\121\215\135\351\126\372\377\032\213\260\137\306\166\204\201\006\137\061\172\227\123\343}{subsection.4.5}% 45
\BOOKMARK [2][-]{subsection.4.6}{\376\377\213\260\137\306\166\204\116\052\117\123\135\356\137\002\377\032\116\072\116\300\116\110\147\011\116\233\116\272\213\260\140\047\146\364\131\175}{section.4}% 46
\BOOKMARK [3][-]{subsubsection.4.6.1}{\376\377\127\372\126\340\166\204\137\161\124\315}{subsection.4.6}% 47
\BOOKMARK [3][-]{subsubsection.4.6.2}{\376\377\167\345\213\306\127\372\170\100\166\204\232\154\131\052\145\110\136\224}{subsection.4.6}% 48
\BOOKMARK [3][-]{subsubsection.4.6.3}{\376\377\213\260\137\306\173\126\165\145\166\204\135\356\137\002}{subsection.4.6}% 49
\BOOKMARK [2][-]{subsection.4.7}{\376\377\213\260\137\306\166\204\171\076\117\032\176\364\136\246\377\032\142\021\116\354\121\161\124\014\213\260\137\306}{section.4}% 50
\BOOKMARK [3][-]{subsubsection.4.7.1}{\376\377\116\244\116\222\213\260\137\306\174\373\176\337}{subsection.4.7}% 51
\BOOKMARK [3][-]{subsubsection.4.7.2}{\376\377\226\306\117\123\213\260\137\306\116\016\216\253\116\375\213\244\124\014}{subsection.4.7}% 52
\BOOKMARK [2][-]{subsection.4.8}{\376\377\134\017\176\323\377\032\213\260\137\306\146\057\155\073\166\204\174\373\176\337}{section.4}% 53
\BOOKMARK [1][-]{section.5}{\376\377\173\054\126\333\172\340\377\032\116\023\154\350\122\233\166\204\217\333\123\026}{}% 54
\BOOKMARK [2][-]{subsection.5.1}{\376\377\116\000\116\052\116\343\116\367\232\330\146\002\166\204\200\375\122\233}{section.5}% 55
\BOOKMARK [2][-]{subsection.5.2}{\376\377\154\350\141\017\122\233\166\204\217\333\123\026\150\071\156\220\377\032\165\037\133\130\117\030\121\110\166\204\217\307\156\344\126\150}{section.5}% 56
\BOOKMARK [2][-]{subsection.5.3}{\376\377\154\350\141\017\122\233\166\204\171\136\176\317\147\266\147\204\377\032\116\015\153\142\116\000\116\052\174\373\174\373\176\337}{section.5}% 57
\BOOKMARK [3][-]{subsubsection.5.3.1}{\376\377\213\146\211\311\177\121\176\334\377\032\117\335\143\001\127\050\176\277}{subsection.5.3}% 58
\BOOKMARK [3][-]{subsubsection.5.3.2}{\376\377\133\232\124\021\177\121\176\334\377\032\200\132\161\046\166\356\150\007}{subsection.5.3}% 59
\BOOKMARK [3][-]{subsubsection.5.3.3}{\376\377\142\147\210\114\143\247\122\066\177\121\176\334\377\032\173\241\164\006\121\262\172\201}{subsection.5.3}% 60
\BOOKMARK [2][-]{subsection.5.4}{\376\377\236\330\213\244\152\041\137\017\177\121\176\334\377\010\000D\000e\000f\000a\000u\000l\000t\000\040\000M\000o\000d\000e\000\040\000N\000e\000t\000w\000o\000r\000k\377\011\377\032\215\160\171\136\166\204\171\136\176\317\127\372\170\100}{section.5}% 61
\BOOKMARK [2][-]{subsection.5.5}{\376\377\116\023\154\350\122\233\166\204\116\044\171\315\137\142\140\001}{section.5}% 62
\BOOKMARK [3][-]{subsubsection.5.5.1}{\376\377\200\132\161\046\152\041\137\017\377\032\155\361\136\246\224\273\121\145}{subsection.5.5}% 63
\BOOKMARK [3][-]{subsubsection.5.5.2}{\376\377\123\321\145\143\152\041\137\017\377\032\133\275\127\337\142\153\143\317}{subsection.5.5}% 64
\BOOKMARK [2][-]{subsection.5.6}{\376\377\154\350\141\017\122\233\166\204\163\260\116\343\123\161\147\072}{section.5}% 65
\BOOKMARK [3][-]{subsubsection.5.6.1}{\376\377\117\341\140\157\133\306\136\246\166\204\123\206\123\362\140\047\215\303\123\107}{subsection.5.6}% 66
\BOOKMARK [3][-]{subsubsection.5.6.2}{\376\377\220\032\167\345\166\204\146\264\122\233}{subsection.5.6}% 67
\BOOKMARK [3][-]{subsubsection.5.6.3}{\376\377\131\032\116\373\122\241\166\204\171\136\213\335}{subsection.5.6}% 68
\BOOKMARK [2][-]{subsection.5.7}{\376\377\155\361\136\246\135\345\117\134\377\032\116\023\154\350\166\204\145\207\123\026\126\336\137\122}{section.5}% 69
\BOOKMARK [2][-]{subsection.5.8}{\376\377\116\023\154\350\122\233\146\057\123\357\116\345\210\253\213\255\176\303\166\204\124\027\377\037}{section.5}% 70
\BOOKMARK [3][-]{subsubsection.5.8.1}{\376\377\154\350\141\017\122\233\213\255\176\303\166\204\213\301\143\156}{subsection.5.8}% 71
\BOOKMARK [3][-]{subsubsection.5.8.2}{\376\377\167\141\167\040\377\032\154\350\141\017\122\233\166\204\127\060\127\372}{subsection.5.8}% 72
\BOOKMARK [3][-]{subsubsection.5.8.3}{\376\377\216\253\117\123\217\320\122\250\377\032\131\047\201\021\166\204\204\045\121\173\155\262}{subsection.5.8}% 73
\BOOKMARK [3][-]{subsubsection.5.8.4}{\376\377\163\257\130\203\213\276\213\241\377\032\121\317\134\021\226\073\122\233}{subsection.5.8}% 74
\BOOKMARK [3][-]{subsubsection.5.8.5}{\376\377\225\364\153\107\116\023\154\350\377\032\134\012\221\315\131\047\201\021\166\204\202\202\137\213}{subsection.5.8}% 75
\BOOKMARK [2][-]{subsection.5.9}{\376\377\154\350\141\017\122\233\166\204\215\050\127\060\377\032\123\125\160\271\200\132\161\046\116\113\131\026}{section.5}% 76
\BOOKMARK [2][-]{subsection.5.10}{\376\377\134\017\176\323\377\032\221\315\145\260\133\232\116\111\116\023}{section.5}% 77
\BOOKMARK [1][-]{section.6}{\376\377\173\054\116\224\172\340\377\032\142\275\214\141\140\035\176\364\116\016\151\202\137\365\133\146\116\140}{}% 78
\BOOKMARK [2][-]{subsection.6.1}{\376\377\116\000\116\052\133\151\133\120\166\204\124\362\133\146\225\356\230\230}{section.6}% 79
\BOOKMARK [2][-]{subsection.6.2}{\376\377\142\275\214\141\166\204\217\333\123\026\377\032\116\316\121\167\117\123\122\060\173\046\123\367}{section.6}% 80
\BOOKMARK [3][-]{subsubsection.6.2.1}{\376\377\141\037\167\345\134\102\166\204\142\275\214\141}{subsection.6.2}% 81
\BOOKMARK [3][-]{subsubsection.6.2.2}{\376\377\121\163\174\373\142\275\214\141\377\032\167\013\211\301\176\323\147\204}{subsection.6.2}% 82
\BOOKMARK [3][-]{subsubsection.6.2.3}{\376\377\173\046\123\367\142\275\214\141\377\032\116\272\174\173\166\204\215\350\215\212}{subsection.6.2}% 83
\BOOKMARK [2][-]{subsection.6.3}{\376\377\151\202\137\365\166\204\147\054\215\050\377\032\142\021\116\354\172\166\172\337\127\050\133\146\116\300\116\110}{section.6}% 84
\BOOKMARK [3][-]{subsubsection.6.3.1}{\376\377\176\317\121\170\164\006\213\272\377\032\137\305\211\201\116\016\121\105\122\006\147\141\116\366}{subsection.6.3}% 85
\BOOKMARK [3][-]{subsubsection.6.3.2}{\376\377\123\237\127\213\164\006\213\272\377\032\121\170\127\213\116\016\217\271\165\114}{subsection.6.3}% 86
\BOOKMARK [3][-]{subsubsection.6.3.3}{\376\377\164\006\213\272\164\006\213\272\377\032\147\064\175\040\164\006\213\272\232\161\122\250\166\204\151\202\137\365}{subsection.6.3}% 87
\BOOKMARK [2][-]{subsection.6.4}{\376\377\171\136\176\317\134\102\227\142\166\204\142\275\214\141\377\032\131\047\201\021\131\202\117\125\210\150\137\201\151\202\137\365}{section.6}% 88
\BOOKMARK [3][-]{subsubsection.6.4.1}{\376\377\122\006\136\003\137\017\210\150\137\201\377\032\151\202\137\365\116\015\117\117\127\050\123\125\116\000\127\060\127\100}{subsection.6.4}% 89
\BOOKMARK [3][-]{subsubsection.6.4.2}{\376\377\121\167\216\253\213\244\167\345\377\032\142\275\214\141\150\071\151\015\116\216\141\037\167\345}{subsection.6.4}% 90
\BOOKMARK [3][-]{subsubsection.6.4.3}{\376\377\122\115\230\235\123\366\116\016\230\166\123\366\377\032\142\275\214\141\166\204\171\136\176\317\116\055\147\242}{subsection.6.4}% 91
\BOOKMARK [2][-]{subsection.6.5}{\376\377\217\301\171\373\377\032\142\275\214\141\133\146\116\140\166\204\176\310\147\201\200\003\232\214}{section.6}% 92
\BOOKMARK [3][-]{subsubsection.6.5.1}{\376\377\217\301\171\373\116\072\117\125\131\202\153\144\126\360\226\276}{subsection.6.5}% 93
\BOOKMARK [3][-]{subsubsection.6.5.2}{\376\377\116\072\116\300\116\110\217\301\171\373\117\032\131\061\215\045}{subsection.6.5}% 94
\BOOKMARK [3][-]{subsubsection.6.5.3}{\376\377\117\303\217\333\217\301\171\373\166\204\147\141\116\366}{subsection.6.5}% 95
\BOOKMARK [2][-]{subsection.6.6}{\376\377\116\023\116\032\167\345\213\306\166\204\213\244\167\345\176\323\147\204}{section.6}% 96
\BOOKMARK [3][-]{subsubsection.6.6.1}{\376\377\116\023\133\266\116\016\145\260\142\113\166\204\147\054\215\050\135\356\137\002}{subsection.6.6}% 97
\BOOKMARK [3][-]{subsubsection.6.6.2}{\376\377\116\023\133\266\166\204\141\037\167\345\221\315\176\304}{subsection.6.6}% 98
\BOOKMARK [3][-]{subsubsection.6.6.3}{\376\377\116\023\116\032\167\345\213\306\166\204\116\140\137\227\215\357\137\204}{subsection.6.6}% 99
\BOOKMARK [2][-]{subsection.6.7}{\376\377\174\173\153\324\116\016\226\220\125\273\377\032\142\275\214\141\140\035\176\364\166\204\213\355\212\000}{section.6}% 100
\BOOKMARK [2][-]{subsection.6.8}{\376\377\151\202\137\365\123\330\227\151\377\032\145\347\150\106\147\266\166\204\135\051\130\114\116\016\221\315\136\372}{section.6}% 101
\BOOKMARK [2][-]{subsection.6.9}{\376\377\121\103\213\244\167\345\377\032\121\163\116\216\140\035\176\364\166\204\140\035\176\364}{section.6}% 102
\BOOKMARK [3][-]{subsubsection.6.9.1}{\376\377\040\034\135\362\167\345\166\204\147\052\167\345\040\035\116\016\040\034\147\052\167\345\166\204\147\052\167\345\040\035}{subsection.6.9}% 103
\BOOKMARK [3][-]{subsubsection.6.9.2}{\376\377\202\317\150\074\142\311\136\225\166\204\220\127\116\247}{subsection.6.9}% 104
\BOOKMARK [2][-]{subsection.6.10}{\376\377\134\017\176\323\377\032\116\316\151\202\137\365\122\060\164\006\211\343\377\014\116\316\164\006\211\343\122\060\146\172\141\147}{section.6}% 105
\BOOKMARK [1][-]{section.7}{\376\377\173\054\121\155\172\340\377\032\171\076\117\032\133\146\116\140}{}% 106
\BOOKMARK [2][-]{subsection.7.1}{\376\377\116\000\116\052\140\035\140\363\133\236\232\214}{section.7}% 107
\BOOKMARK [2][-]{subsection.7.2}{\376\377\171\076\117\032\133\146\116\140\166\204\217\333\123\026\150\071\156\220}{section.7}% 108
\BOOKMARK [3][-]{subsubsection.7.2.1}{\376\377\137\340\133\236\131\015\122\066\377\032\116\272\174\173\171\076\117\032\133\146\116\140\166\204\162\354\162\171\140\047}{subsection.7.2}% 109
\BOOKMARK [3][-]{subsubsection.7.2.2}{\376\377\121\161\124\014\154\350\141\017\377\032\171\076\117\032\133\146\116\140\166\204\127\372\170\100\213\276\145\275}{subsection.7.2}% 110
\BOOKMARK [3][-]{subsubsection.7.2.3}{\376\377\141\017\126\376\164\006\211\343\377\032\213\373\137\303\166\204\200\375\122\233}{subsection.7.2}% 111
\BOOKMARK [2][-]{subsection.7.3}{\376\377\225\134\120\317\171\136\176\317\121\103\377\032\121\161\236\043\166\204\171\136\176\317\127\372\170\100}{section.7}% 112
\BOOKMARK [3][-]{subsubsection.7.3.1}{\376\377\225\134\120\317\171\136\176\317\121\103\116\016\116\272\174\173\171\076\117\032\133\146\116\140}{subsection.7.3}% 113
\BOOKMARK [3][-]{subsubsection.7.3.2}{\376\377\225\134\120\317\147\072\122\066\166\204\134\100\226\120}{subsection.7.3}% 114
\BOOKMARK [2][-]{subsection.7.4}{\376\377\213\355\212\000\377\032\171\076\117\032\133\146\116\140\166\204\215\205\176\247\145\076\131\047\126\150}{section.7}% 115
\BOOKMARK [3][-]{subsubsection.7.4.1}{\376\377\166\364\143\245\117\040\220\022\116\015\123\357\211\302\133\337\166\204\167\345\213\306}{subsection.7.4}% 116
\BOOKMARK [3][-]{subsubsection.7.4.2}{\376\377\213\355\212\000\130\121\220\040\140\035\176\364}{subsection.7.4}% 117
\BOOKMARK [3][-]{subsubsection.7.4.3}{\376\377\123\331\116\213\377\032\213\260\137\306\116\016\167\345\213\306\117\040\220\022\166\204\133\271\126\150}{subsection.7.4}% 118
\BOOKMARK [2][-]{subsection.7.5}{\376\377\145\207\123\026\133\146\116\140\166\204\147\072\122\066}{section.7}% 119
\BOOKMARK [3][-]{subsubsection.7.5.1}{\376\377\145\207\123\026\171\357\175\057\116\016\150\330\217\156\145\110\136\224}{subsection.7.5}% 120
\BOOKMARK [3][-]{subsubsection.7.5.2}{\376\377\145\207\123\026\220\011\142\351\377\032\116\300\116\110\167\345\213\306\210\253\117\335\165\131}{subsection.7.5}% 121
\BOOKMARK [3][-]{subsubsection.7.5.3}{\376\377\147\103\132\001\120\117\211\301\116\016\121\205\133\271\120\117\211\301}{subsection.7.5}% 122
\BOOKMARK [2][-]{subsection.7.6}{\376\377\145\131\133\146\377\032\116\272\174\173\162\354\147\011\166\204\171\076\117\032\133\146\116\140\137\142\137\017}{section.7}% 123
\BOOKMARK [3][-]{subsubsection.7.6.1}{\376\377\145\131\133\146\166\204\213\244\167\345\121\110\121\263\147\141\116\366}{subsection.7.6}% 124
\BOOKMARK [3][-]{subsubsection.7.6.2}{\376\377\202\317\150\074\142\311\136\225\137\017\133\371\213\335\166\204\171\136\176\317\171\321\133\146}{subsection.7.6}% 125
\BOOKMARK [3][-]{subsubsection.7.6.3}{\376\377\123\315\231\210\166\204\174\276\131\231\213\276\213\241}{subsection.7.6}% 126
\BOOKMARK [2][-]{subsection.7.7}{\376\377\124\014\117\064\133\146\116\140\377\032\154\064\136\163\176\364\136\246\166\204\171\076\117\032\133\146\116\140}{section.7}% 127
\BOOKMARK [3][-]{subsubsection.7.7.1}{\376\377\124\014\117\064\116\222\145\131\166\204\122\233\221\317}{subsection.7.7}% 128
\BOOKMARK [3][-]{subsubsection.7.7.2}{\376\377\213\244\167\345\122\006\153\147\166\204\116\367\120\074}{subsection.7.7}% 129
\BOOKMARK [2][-]{subsection.7.8}{\376\377\145\160\133\127\145\366\116\343\166\204\171\076\117\032\133\146\116\140}{section.7}% 130
\BOOKMARK [3][-]{subsubsection.7.8.1}{\376\377\167\345\213\306\203\267\123\326\166\204\154\021\116\073\123\026}{subsection.7.8}% 131
\BOOKMARK [3][-]{subsubsection.7.8.2}{\376\377\177\244\117\123\146\172\141\147\116\016\176\364\127\372\166\176\171\321\133\236\232\214}{subsection.7.8}% 132
\BOOKMARK [3][-]{subsubsection.7.8.3}{\376\377\127\050\176\277\133\146\116\140\121\161\124\014\117\123}{subsection.7.8}% 133
\BOOKMARK [2][-]{subsection.7.9}{\376\377\171\076\117\032\133\146\116\140\166\204\226\064\146\227\227\142}{section.7}% 134
\BOOKMARK [3][-]{subsubsection.7.9.1}{\376\377\225\031\213\357\117\341\137\365\166\204\117\040\144\255}{subsection.7.9}% 135
\BOOKMARK [3][-]{subsubsection.7.9.2}{\376\377\116\316\117\027\166\204\116\343\116\367}{subsection.7.9}% 136
\BOOKMARK [3][-]{subsubsection.7.9.3}{\376\377\147\103\132\001\135\007\142\334\116\016\142\171\122\044\140\047\140\035\176\364}{subsection.7.9}% 137
\BOOKMARK [2][-]{subsection.7.10}{\376\377\134\017\176\323\377\032\135\114\121\145\171\076\117\032\166\204\213\244\167\345}{section.7}% 138
\BOOKMARK [1][-]{section.8}{\376\377\173\054\116\003\172\340\377\032\133\146\116\140\116\016\140\305\141\037}{}% 139
\BOOKMARK [2][-]{subsection.8.1}{\376\377\116\000\130\002\154\070\217\334\116\015\117\032\137\330\213\260\166\204\213\376}{section.8}% 140
\BOOKMARK [2][-]{subsection.8.2}{\376\377\140\305\141\037\166\204\171\136\176\317\211\343\122\126\133\146}{section.8}% 141
\BOOKMARK [3][-]{subsubsection.8.2.1}{\376\377\217\271\177\030\174\373\176\337\377\032\140\305\141\037\166\204\170\154\116\366}{subsection.8.2}% 142
\BOOKMARK [3][-]{subsubsection.8.2.2}{\376\377\147\117\116\301\150\070\377\032\140\305\141\037\166\204\213\146\142\245\126\150}{subsection.8.2}% 143
\BOOKMARK [3][-]{subsubsection.8.2.3}{\376\377\122\115\230\235\123\366\116\016\147\117\116\301\150\070\377\032\214\003\202\202\166\204\123\132\137\010}{subsection.8.2}% 144
\BOOKMARK [2][-]{subsection.8.3}{\376\377\140\305\141\037\131\202\117\125\130\236\137\072\133\146\116\140}{section.8}% 145
\BOOKMARK [3][-]{subsubsection.8.3.1}{\376\377\140\305\141\037\125\044\215\167\116\016\177\026\170\001\155\361\136\246}{subsection.8.3}% 146
\BOOKMARK [3][-]{subsubsection.8.3.2}{\376\377\131\175\131\107\137\303\166\204\171\136\176\317\123\026\133\146}{subsection.8.3}% 147
\BOOKMARK [3][-]{subsubsection.8.3.3}{\376\377\140\305\141\037\116\016\141\017\116\111\166\204\200\124\176\323}{subsection.8.3}% 148
\BOOKMARK [2][-]{subsection.8.4}{\376\377\123\213\122\233\116\016\133\146\116\140\377\032\116\000\142\212\123\314\122\003\122\121}{section.8}% 149
\BOOKMARK [3][-]{subsubsection.8.4.1}{\376\377\123\213\122\233\166\204\165\037\162\151\133\146}{subsection.8.4}% 150
\BOOKMARK [3][-]{subsubsection.8.4.2}{\376\377\141\142\140\047\123\213\122\233\133\371\133\146\116\140\166\204\170\064\127\117}{subsection.8.4}% 151
\BOOKMARK [3][-]{subsubsection.8.4.3}{\376\377\133\146\116\032\161\046\206\121\166\204\171\136\176\317\147\072\122\066}{subsection.8.4}% 152
\BOOKMARK [2][-]{subsection.8.5}{\376\377\140\120\140\347\133\146\116\140\116\016\133\211\121\150\133\146\116\140}{section.8}% 153
\BOOKMARK [3][-]{subsubsection.8.5.1}{\376\377\140\120\140\347\166\204\116\140\137\227}{subsection.8.5}% 154
\BOOKMARK [3][-]{subsubsection.8.5.2}{\376\377\116\072\116\300\116\110\140\120\140\347\213\260\137\306\131\202\153\144\230\175\126\372}{subsection.8.5}% 155
\BOOKMARK [3][-]{subsubsection.8.5.3}{\376\377\133\211\121\150\133\146\116\140\166\204\147\141\116\366}{subsection.8.5}% 156
\BOOKMARK [2][-]{subsection.8.6}{\376\377\122\250\147\072\377\032\140\305\141\037\232\161\122\250\133\146\116\140\166\204\137\025\144\316}{section.8}% 157
\BOOKMARK [3][-]{subsubsection.8.6.1}{\376\377\121\205\127\050\122\250\147\072\116\016\131\026\127\050\122\250\147\072}{subsection.8.6}% 158
\BOOKMARK [3][-]{subsubsection.8.6.2}{\376\377\201\352\116\073\060\001\200\334\116\373\060\001\121\163\200\124\377\032\121\205\127\050\122\250\147\072\166\204\116\011\150\071\145\057\147\361}{subsection.8.6}% 159
\BOOKMARK [3][-]{subsubsection.8.6.3}{\376\377\137\303\155\101\162\266\140\001\377\032\122\250\147\072\116\016\142\200\200\375\166\204\133\214\177\216\136\163\210\141}{subsection.8.6}% 160
\BOOKMARK [2][-]{subsection.8.7}{\376\377\140\305\141\037\214\003\202\202\377\032\133\146\117\032\116\016\140\305\141\037\121\161\131\004}{section.8}% 161
\BOOKMARK [3][-]{subsubsection.8.7.1}{\376\377\213\244\167\345\221\315\213\304\377\032\145\071\121\231\140\305\141\037\166\204\141\017\116\111}{subsection.8.7}% 162
\BOOKMARK [3][-]{subsubsection.8.7.2}{\376\377\140\305\141\037\142\221\122\066\166\204\116\343\116\367}{subsection.8.7}% 163
\BOOKMARK [3][-]{subsubsection.8.7.3}{\376\377\153\143\137\365\377\032\140\305\141\037\211\311\133\337\166\204\213\255\176\303}{subsection.8.7}% 164
\BOOKMARK [2][-]{subsection.8.8}{\376\377\145\131\200\262\116\055\166\204\140\305\141\037\377\032\116\000\116\052\225\177\147\037\210\253\137\375\211\306\166\204\176\364\136\246}{section.8}% 165
\BOOKMARK [3][-]{subsubsection.8.8.1}{\376\377\140\305\141\037\133\211\121\150\116\016\133\146\116\140\154\024\120\031}{subsection.8.8}% 166
\BOOKMARK [3][-]{subsubsection.8.8.2}{\376\377\131\175\131\107\137\303\166\204\127\371\121\173}{subsection.8.8}% 167
\BOOKMARK [3][-]{subsubsection.8.8.3}{\376\377\131\061\215\045\166\204\140\305\141\037\131\004\164\006}{subsection.8.8}% 168
\BOOKMARK [2][-]{subsection.8.9}{\376\377\140\305\141\037\166\204\145\164\124\010\377\032\215\160\124\021\133\214\145\164\166\204\133\146\116\140\200\005}{section.8}% 169
\BOOKMARK [3][-]{subsubsection.8.9.1}{\376\377\167\345\213\306\166\204\156\051\136\246}{subsection.8.9}% 170
\BOOKMARK [3][-]{subsubsection.8.9.2}{\376\377\133\146\116\140\166\204\133\214\145\164\140\047}{subsection.8.9}% 171
\BOOKMARK [2][-]{subsection.8.10}{\376\377\134\017\176\323\377\032\221\315\145\260\213\244\213\306\140\305\141\037\166\204\117\115\177\156}{section.8}% 172
\BOOKMARK [1][-]{section.9}{\376\377\134\076\130\360\377\032\133\146\116\140\166\204\116\013\116\000\153\145\217\333\123\026}{}% 173
\BOOKMARK [2][-]{subsection.9.1}{\376\377\172\331\127\050\122\006\154\064\134\255\116\012}{section.9}% 174
\BOOKMARK [2][-]{subsection.9.2}{\376\377\142\200\147\057\131\202\117\125\221\315\130\121\213\244\167\345\166\204\123\206\123\362}{section.9}% 175
\BOOKMARK [3][-]{subsubsection.9.2.1}{\376\377\145\207\133\127\166\204\123\321\146\016\377\032\173\054\116\000\153\041\213\244\167\345\131\026\123\005}{subsection.9.2}% 176
\BOOKMARK [3][-]{subsubsection.9.2.2}{\376\377\123\160\122\067\147\057\377\032\167\345\213\306\154\021\116\073\123\026\166\204\116\064\165\114\160\271}{subsection.9.2}% 177
\BOOKMARK [3][-]{subsubsection.9.2.3}{\376\377\213\241\173\227\126\150\116\016\213\244\167\345\122\006\135\345}{subsection.9.2}% 178
\BOOKMARK [2][-]{subsection.9.3}{\376\377\116\272\135\345\146\172\200\375\145\366\116\343\377\032\217\331\153\041\167\037\166\204\116\015\124\014\124\027}{section.9}% 179
\BOOKMARK [3][-]{subsubsection.9.3.1}{\376\377\200\375\122\233\217\271\165\114\166\204\152\041\174\312}{subsection.9.3}% 180
\BOOKMARK [3][-]{subsubsection.9.3.2}{\376\377\220\037\136\246\116\016\123\357\123\312\140\047\166\204\221\317\123\330\137\025\123\321\215\050\123\330}{subsection.9.3}% 181
\BOOKMARK [3][-]{subsubsection.9.3.3}{\376\377\133\146\116\140\147\054\216\253\166\204\221\315\145\260\133\232\116\111}{subsection.9.3}% 182
\BOOKMARK [2][-]{subsection.9.4}{\376\377\116\272\174\173\133\146\116\140\166\204\116\015\123\357\146\377\116\343\140\047}{section.9}% 183
\BOOKMARK [3][-]{subsubsection.9.4.1}{\376\377\121\167\216\253\166\204\164\006\211\343}{subsection.9.4}% 184
\BOOKMARK [3][-]{subsubsection.9.4.2}{\376\377\122\044\145\255\060\001\116\367\120\074\116\016\117\046\164\006\143\250\164\006}{subsection.9.4}% 185
\BOOKMARK [3][-]{subsubsection.9.4.3}{\376\377\122\033\220\040\122\233\166\204\156\220\154\311}{subsection.9.4}% 186
\BOOKMARK [2][-]{subsection.9.5}{\376\377\145\260\145\366\116\343\227\000\211\201\166\204\133\146\116\140\200\375\122\233}{section.9}% 187
\BOOKMARK [3][-]{subsubsection.9.5.1}{\376\377\155\361\136\246\164\006\211\343\377\014\200\014\227\136\210\150\227\142\167\345\213\306}{subsection.9.5}% 188
\BOOKMARK [3][-]{subsubsection.9.5.2}{\376\377\142\171\122\044\140\047\213\304\117\060\377\032\116\016\116\272\135\345\146\172\200\375\123\117\117\134\166\204\121\103\200\375\122\233}{subsection.9.5}% 189
\BOOKMARK [3][-]{subsubsection.9.5.3}{\376\377\215\350\127\337\145\164\124\010\377\032\127\050\217\271\165\114\131\004\122\033\220\040\116\367\120\074}{subsection.9.5}% 190
\BOOKMARK [3][-]{subsubsection.9.5.4}{\376\377\133\146\117\032\133\146\116\140\377\032\121\103\133\146\116\140\200\375\122\233\166\204\150\070\137\303\127\060\117\115}{subsection.9.5}% 191
\BOOKMARK [2][-]{subsection.9.6}{\376\377\131\047\201\021\130\236\137\072\166\204\123\357\200\375\116\016\217\271\165\114}{section.9}% 192
\BOOKMARK [3][-]{subsubsection.9.6.1}{\376\377\203\157\164\006\133\146\130\236\137\072}{subsection.9.6}% 193
\BOOKMARK [3][-]{subsubsection.9.6.2}{\376\377\201\021\147\072\143\245\123\343\377\032\213\244\167\345\166\204\166\364\143\245\136\366\117\070}{subsection.9.6}% 194
\BOOKMARK [3][-]{subsubsection.9.6.3}{\376\377\171\136\176\317\123\357\130\121\140\047\166\204\116\073\122\250\122\051\165\050}{subsection.9.6}% 195
\BOOKMARK [2][-]{subsection.9.7}{\376\377\226\306\117\123\146\172\200\375\166\204\145\260\137\142\140\001}{section.9}% 196
\BOOKMARK [3][-]{subsubsection.9.7.1}{\376\377\116\272\147\072\123\117\124\014\166\204\213\244\167\345\174\373\176\337}{subsection.9.7}% 197
\BOOKMARK [3][-]{subsubsection.9.7.2}{\376\377\137\000\145\076\167\345\213\306\174\373\176\337\166\204\157\024\123\026}{subsection.9.7}% 198
\BOOKMARK [2][-]{subsection.9.8}{\376\377\133\146\116\140\166\204\141\017\116\111\377\032\215\205\215\212\135\345\121\167\140\047}{section.9}% 199
\BOOKMARK [3][-]{subsubsection.9.8.1}{\376\377\133\146\116\140\117\134\116\072\201\352\142\021\130\121\220\040}{subsection.9.8}% 200
\BOOKMARK [3][-]{subsubsection.9.8.2}{\376\377\133\146\116\140\117\134\116\072\116\016\116\026\165\114\166\204\121\163\174\373}{subsection.9.8}% 201
\BOOKMARK [3][-]{subsubsection.9.8.3}{\376\377\133\146\116\140\117\134\116\072\133\371\147\011\226\120\140\047\166\204\126\336\136\224}{subsection.9.8}% 202
\BOOKMARK [2][-]{subsection.9.9}{\376\377\121\231\176\331\133\146\116\140\200\005\166\204\166\204\213\335}{section.9}% 203
\BOOKMARK [2][-]{subsection.9.10}{\376\377\134\076\130\360\166\204\134\076\130\360\377\032\217\333\123\026\154\241\147\011\176\310\160\271}{section.9}% 204
\BOOKMARK [1][-]{section.10}{\376\377\136\366\117\070\226\005\213\373}{}% 205
